This is pdfTeX, Version 3.1415926-2.5-1.40.14 (TeX Live 2013/TeX Live for SUSE Linux) (format=pdflatex 2016.3.8)  29 APR 2016 23:02
entering extended mode
 restricted \write18 enabled.
 %&-line parsing enabled.
**reporte_proyecto.tex
(./reporte_proyecto.tex
LaTeX2e <2011/06/27>
Babel <3.9f> and hyphenation patterns for 78 languages loaded.
(/usr/share/texmf/tex/latex/base/article.cls
Document Class: article 2007/10/19 v1.4h Standard LaTeX document class
(/usr/share/texmf/tex/latex/base/size12.clo
File: size12.clo 2007/10/19 v1.4h Standard LaTeX file (size option)
)
\c@part=\count79
\c@section=\count80
\c@subsection=\count81
\c@subsubsection=\count82
\c@paragraph=\count83
\c@subparagraph=\count84
\c@figure=\count85
\c@table=\count86
\abovecaptionskip=\skip41
\belowcaptionskip=\skip42
\bibindent=\dimen102
)
(/usr/share/texmf/tex/latex/graphics/graphicx.sty
Package: graphicx 1999/02/16 v1.0f Enhanced LaTeX Graphics (DPC,SPQR)

(/usr/share/texmf/tex/latex/graphics/keyval.sty
Package: keyval 1999/03/16 v1.13 key=value parser (DPC)
\KV@toks@=\toks14
)
(/usr/share/texmf/tex/latex/graphics/graphics.sty
Package: graphics 2009/02/05 v1.0o Standard LaTeX Graphics (DPC,SPQR)

(/usr/share/texmf/tex/latex/graphics/trig.sty
Package: trig 1999/03/16 v1.09 sin cos tan (DPC)
)
(/usr/share/texmf/tex/latex/latexconfig/graphics.cfg
File: graphics.cfg 2010/04/23 v1.9 graphics configuration of TeX Live
)
Package graphics Info: Driver file: pdftex.def on input line 91.

(/usr/share/texmf/tex/latex/pdftex-def/pdftex.def
File: pdftex.def 2011/05/27 v0.06d Graphics/color for pdfTeX

(/usr/share/texmf/tex/generic/oberdiek/infwarerr.sty
Package: infwarerr 2010/04/08 v1.3 Providing info/warning/error messages (HO)
)
(/usr/share/texmf/tex/generic/oberdiek/ltxcmds.sty
Package: ltxcmds 2011/11/09 v1.22 LaTeX kernel commands for general use (HO)
)
\Gread@gobject=\count87
))
\Gin@req@height=\dimen103
\Gin@req@width=\dimen104
)
(/usr/share/texmf/tex/generic/oberdiek/ifpdf.sty
Package: ifpdf 2011/01/30 v2.3 Provides the ifpdf switch (HO)
Package ifpdf Info: pdfTeX in PDF mode is detected.
) (./automatismos_style.sty
Package: automatismos_style 

(/usr/share/texmf/tex/generic/babel/babel.sty
Package: babel 2013/05/16 v3.9f The Babel package

(/usr/share/texmf/tex/generic/babel-spanish/spanish.ldf
Language: spanish.ldf 2010/05/23 v5.0j Spanish support from the babel system

(/usr/share/texmf/tex/generic/babel/babel.def
File: babel.def 2013/05/16 v3.9f Babel common definitions
\babel@savecnt=\count88
\U@D=\dimen105
)
\es@datefmt=\count89
\es@quottoks=\toks15
\es@quotdepth=\count90
Package babel Info: Making " an active character on input line 495.
))
(/usr/share/texmf/tex/latex/tools/multicol.sty
Package: multicol 2011/06/27 v1.7a multicolumn formatting (FMi)
\c@tracingmulticols=\count91
\mult@box=\box26
\multicol@leftmargin=\dimen106
\c@unbalance=\count92
\c@collectmore=\count93
\doublecol@number=\count94
\multicoltolerance=\count95
\multicolpretolerance=\count96
\full@width=\dimen107
\page@free=\dimen108
\premulticols=\dimen109
\postmulticols=\dimen110
\multicolsep=\skip43
\multicolbaselineskip=\skip44
\partial@page=\box27
\last@line=\box28
\mult@rightbox=\box29
\mult@grightbox=\box30
\mult@gfirstbox=\box31
\mult@firstbox=\box32
\@tempa=\box33
\@tempa=\box34
\@tempa=\box35
\@tempa=\box36
\@tempa=\box37
\@tempa=\box38
\@tempa=\box39
\@tempa=\box40
\@tempa=\box41
\@tempa=\box42
\@tempa=\box43
\@tempa=\box44
\@tempa=\box45
\@tempa=\box46
\@tempa=\box47
\@tempa=\box48
\@tempa=\box49
\c@columnbadness=\count97
\c@finalcolumnbadness=\count98
\last@try=\dimen111
\multicolovershoot=\dimen112
\multicolundershoot=\dimen113
\mult@nat@firstbox=\box50
\colbreak@box=\box51
\multicol@sort@counter=\count99
)
(/usr/share/texmf/tex/latex/pgf/frontendlayer/tikz.sty
(/usr/share/texmf/tex/latex/pgf/basiclayer/pgf.sty
(/usr/share/texmf/tex/latex/pgf/utilities/pgfrcs.sty
(/usr/share/texmf/tex/generic/pgf/utilities/pgfutil-common.tex
\pgfutil@everybye=\toks16
)
(/usr/share/texmf/tex/generic/pgf/utilities/pgfutil-latex.def
\pgfutil@abb=\box52

(/usr/share/texmf/tex/latex/ms/everyshi.sty
Package: everyshi 2001/05/15 v3.00 EveryShipout Package (MS)
))
(/usr/share/texmf/tex/generic/pgf/utilities/pgfrcs.code.tex
Package: pgfrcs 2010/10/25 v2.10 (rcs-revision 1.24)
))
Package: pgf 2008/01/15 v2.10 (rcs-revision 1.12)

(/usr/share/texmf/tex/latex/pgf/basiclayer/pgfcore.sty
(/usr/share/texmf/tex/latex/pgf/systemlayer/pgfsys.sty
(/usr/share/texmf/tex/generic/pgf/systemlayer/pgfsys.code.tex
Package: pgfsys 2010/06/30 v2.10 (rcs-revision 1.37)

(/usr/share/texmf/tex/generic/pgf/utilities/pgfkeys.code.tex
\pgfkeys@pathtoks=\toks17
\pgfkeys@temptoks=\toks18

(/usr/share/texmf/tex/generic/pgf/utilities/pgfkeysfiltered.code.tex
\pgfkeys@tmptoks=\toks19
))
\pgf@x=\dimen114
\pgf@y=\dimen115
\pgf@xa=\dimen116
\pgf@ya=\dimen117
\pgf@xb=\dimen118
\pgf@yb=\dimen119
\pgf@xc=\dimen120
\pgf@yc=\dimen121
\w@pgf@writea=\write3
\r@pgf@reada=\read1
\c@pgf@counta=\count100
\c@pgf@countb=\count101
\c@pgf@countc=\count102
\c@pgf@countd=\count103

(/usr/share/texmf/tex/generic/pgf/systemlayer/pgf.cfg
File: pgf.cfg 2008/05/14  (rcs-revision 1.7)
)
Package pgfsys Info: Driver file for pgf: pgfsys-pdftex.def on input line 900.

(/usr/share/texmf/tex/generic/pgf/systemlayer/pgfsys-pdftex.def
File: pgfsys-pdftex.def 2009/05/22  (rcs-revision 1.26)

(/usr/share/texmf/tex/generic/pgf/systemlayer/pgfsys-common-pdf.def
File: pgfsys-common-pdf.def 2008/05/19  (rcs-revision 1.10)
)))
(/usr/share/texmf/tex/generic/pgf/systemlayer/pgfsyssoftpath.code.tex
File: pgfsyssoftpath.code.tex 2008/07/18  (rcs-revision 1.7)
\pgfsyssoftpath@smallbuffer@items=\count104
\pgfsyssoftpath@bigbuffer@items=\count105
)
(/usr/share/texmf/tex/generic/pgf/systemlayer/pgfsysprotocol.code.tex
File: pgfsysprotocol.code.tex 2006/10/16  (rcs-revision 1.4)
))
(/usr/share/texmf/tex/latex/xcolor/xcolor.sty
Package: xcolor 2007/01/21 v2.11 LaTeX color extensions (UK)

(/usr/share/texmf/tex/latex/latexconfig/color.cfg
File: color.cfg 2007/01/18 v1.5 color configuration of teTeX/TeXLive
)
Package xcolor Info: Driver file: pdftex.def on input line 225.
Package xcolor Info: Model `cmy' substituted by `cmy0' on input line 1337.
Package xcolor Info: Model `hsb' substituted by `rgb' on input line 1341.
Package xcolor Info: Model `RGB' extended on input line 1353.
Package xcolor Info: Model `HTML' substituted by `rgb' on input line 1355.
Package xcolor Info: Model `Hsb' substituted by `hsb' on input line 1356.
Package xcolor Info: Model `tHsb' substituted by `hsb' on input line 1357.
Package xcolor Info: Model `HSB' substituted by `hsb' on input line 1358.
Package xcolor Info: Model `Gray' substituted by `gray' on input line 1359.
Package xcolor Info: Model `wave' substituted by `hsb' on input line 1360.
)
(/usr/share/texmf/tex/generic/pgf/basiclayer/pgfcore.code.tex
Package: pgfcore 2010/04/11 v2.10 (rcs-revision 1.7)

(/usr/share/texmf/tex/generic/pgf/math/pgfmath.code.tex
(/usr/share/texmf/tex/generic/pgf/math/pgfmathcalc.code.tex
(/usr/share/texmf/tex/generic/pgf/math/pgfmathutil.code.tex)
(/usr/share/texmf/tex/generic/pgf/math/pgfmathparser.code.tex
\pgfmath@dimen=\dimen122
\pgfmath@count=\count106
\pgfmath@box=\box53
\pgfmath@toks=\toks20
\pgfmath@stack@operand=\toks21
\pgfmath@stack@operation=\toks22
)
(/usr/share/texmf/tex/generic/pgf/math/pgfmathfunctions.code.tex
(/usr/share/texmf/tex/generic/pgf/math/pgfmathfunctions.basic.code.tex)
(/usr/share/texmf/tex/generic/pgf/math/pgfmathfunctions.trigonometric.code.tex)
(/usr/share/texmf/tex/generic/pgf/math/pgfmathfunctions.random.code.tex)
(/usr/share/texmf/tex/generic/pgf/math/pgfmathfunctions.comparison.code.tex)
(/usr/share/texmf/tex/generic/pgf/math/pgfmathfunctions.base.code.tex)
(/usr/share/texmf/tex/generic/pgf/math/pgfmathfunctions.round.code.tex)
(/usr/share/texmf/tex/generic/pgf/math/pgfmathfunctions.misc.code.tex)))
(/usr/share/texmf/tex/generic/pgf/math/pgfmathfloat.code.tex
\c@pgfmathroundto@lastzeros=\count107
))
(/usr/share/texmf/tex/generic/pgf/basiclayer/pgfcorepoints.code.tex
File: pgfcorepoints.code.tex 2010/04/09  (rcs-revision 1.20)
\pgf@picminx=\dimen123
\pgf@picmaxx=\dimen124
\pgf@picminy=\dimen125
\pgf@picmaxy=\dimen126
\pgf@pathminx=\dimen127
\pgf@pathmaxx=\dimen128
\pgf@pathminy=\dimen129
\pgf@pathmaxy=\dimen130
\pgf@xx=\dimen131
\pgf@xy=\dimen132
\pgf@yx=\dimen133
\pgf@yy=\dimen134
\pgf@zx=\dimen135
\pgf@zy=\dimen136
)
(/usr/share/texmf/tex/generic/pgf/basiclayer/pgfcorepathconstruct.code.tex
File: pgfcorepathconstruct.code.tex 2010/08/03  (rcs-revision 1.24)
\pgf@path@lastx=\dimen137
\pgf@path@lasty=\dimen138
)
(/usr/share/texmf/tex/generic/pgf/basiclayer/pgfcorepathusage.code.tex
File: pgfcorepathusage.code.tex 2008/04/22  (rcs-revision 1.12)
\pgf@shorten@end@additional=\dimen139
\pgf@shorten@start@additional=\dimen140
)
(/usr/share/texmf/tex/generic/pgf/basiclayer/pgfcorescopes.code.tex
File: pgfcorescopes.code.tex 2010/09/08  (rcs-revision 1.34)
\pgfpic=\box54
\pgf@hbox=\box55
\pgf@layerbox@main=\box56
\pgf@picture@serial@count=\count108
)
(/usr/share/texmf/tex/generic/pgf/basiclayer/pgfcoregraphicstate.code.tex
File: pgfcoregraphicstate.code.tex 2008/04/22  (rcs-revision 1.9)
\pgflinewidth=\dimen141
)
(/usr/share/texmf/tex/generic/pgf/basiclayer/pgfcoretransformations.code.tex
File: pgfcoretransformations.code.tex 2009/06/10  (rcs-revision 1.11)
\pgf@pt@x=\dimen142
\pgf@pt@y=\dimen143
\pgf@pt@temp=\dimen144
)
(/usr/share/texmf/tex/generic/pgf/basiclayer/pgfcorequick.code.tex
File: pgfcorequick.code.tex 2008/10/09  (rcs-revision 1.3)
)
(/usr/share/texmf/tex/generic/pgf/basiclayer/pgfcoreobjects.code.tex
File: pgfcoreobjects.code.tex 2006/10/11  (rcs-revision 1.2)
)
(/usr/share/texmf/tex/generic/pgf/basiclayer/pgfcorepathprocessing.code.tex
File: pgfcorepathprocessing.code.tex 2008/10/09  (rcs-revision 1.8)
)
(/usr/share/texmf/tex/generic/pgf/basiclayer/pgfcorearrows.code.tex
File: pgfcorearrows.code.tex 2008/04/23  (rcs-revision 1.11)
)
(/usr/share/texmf/tex/generic/pgf/basiclayer/pgfcoreshade.code.tex
File: pgfcoreshade.code.tex 2008/11/23  (rcs-revision 1.13)
\pgf@max=\dimen145
\pgf@sys@shading@range@num=\count109
)
(/usr/share/texmf/tex/generic/pgf/basiclayer/pgfcoreimage.code.tex
File: pgfcoreimage.code.tex 2010/03/25  (rcs-revision 1.16)

(/usr/share/texmf/tex/generic/pgf/basiclayer/pgfcoreexternal.code.tex
File: pgfcoreexternal.code.tex 2010/09/01  (rcs-revision 1.17)
\pgfexternal@startupbox=\box57
))
(/usr/share/texmf/tex/generic/pgf/basiclayer/pgfcorelayers.code.tex
File: pgfcorelayers.code.tex 2010/08/27  (rcs-revision 1.2)
)
(/usr/share/texmf/tex/generic/pgf/basiclayer/pgfcoretransparency.code.tex
File: pgfcoretransparency.code.tex 2008/01/17  (rcs-revision 1.2)
)
(/usr/share/texmf/tex/generic/pgf/basiclayer/pgfcorepatterns.code.tex
File: pgfcorepatterns.code.tex 2009/07/02  (rcs-revision 1.3)
)))
(/usr/share/texmf/tex/generic/pgf/modules/pgfmoduleshapes.code.tex
File: pgfmoduleshapes.code.tex 2010/09/09  (rcs-revision 1.13)
\pgfnodeparttextbox=\box58
)
(/usr/share/texmf/tex/generic/pgf/modules/pgfmoduleplot.code.tex
File: pgfmoduleplot.code.tex 2010/10/22  (rcs-revision 1.8)
)
(/usr/share/texmf/tex/latex/pgf/compatibility/pgfcomp-version-0-65.sty
Package: pgfcomp-version-0-65 2007/07/03 v2.10 (rcs-revision 1.7)
\pgf@nodesepstart=\dimen146
\pgf@nodesepend=\dimen147
)
(/usr/share/texmf/tex/latex/pgf/compatibility/pgfcomp-version-1-18.sty
Package: pgfcomp-version-1-18 2007/07/23 v2.10 (rcs-revision 1.1)
))
(/usr/share/texmf/tex/latex/pgf/utilities/pgffor.sty
(/usr/share/texmf/tex/latex/pgf/utilities/pgfkeys.sty
(/usr/share/texmf/tex/generic/pgf/utilities/pgfkeys.code.tex))
(/usr/share/texmf/tex/generic/pgf/utilities/pgffor.code.tex
Package: pgffor 2010/03/23 v2.10 (rcs-revision 1.18)
\pgffor@iter=\dimen148
\pgffor@skip=\dimen149
\pgffor@stack=\toks23
\pgffor@toks=\toks24
))
(/usr/share/texmf/tex/generic/pgf/frontendlayer/tikz/tikz.code.tex
Package: tikz 2010/10/13 v2.10 (rcs-revision 1.76)

(/usr/share/texmf/tex/generic/pgf/libraries/pgflibraryplothandlers.code.tex
File: pgflibraryplothandlers.code.tex 2010/05/31 v2.10 (rcs-revision 1.15)
\pgf@plot@mark@count=\count110
\pgfplotmarksize=\dimen150
)
\tikz@lastx=\dimen151
\tikz@lasty=\dimen152
\tikz@lastxsaved=\dimen153
\tikz@lastysaved=\dimen154
\tikzleveldistance=\dimen155
\tikzsiblingdistance=\dimen156
\tikz@figbox=\box59
\tikz@tempbox=\box60
\tikztreelevel=\count111
\tikznumberofchildren=\count112
\tikznumberofcurrentchild=\count113
\tikz@fig@count=\count114

(/usr/share/texmf/tex/generic/pgf/modules/pgfmodulematrix.code.tex
File: pgfmodulematrix.code.tex 2010/08/24  (rcs-revision 1.4)
\pgfmatrixcurrentrow=\count115
\pgfmatrixcurrentcolumn=\count116
\pgf@matrix@numberofcolumns=\count117
)
\tikz@expandcount=\count118

(/usr/share/texmf/tex/generic/pgf/frontendlayer/tikz/libraries/tikzlibrarytopat
hs.code.tex
File: tikzlibrarytopaths.code.tex 2008/06/17 v2.10 (rcs-revision 1.2)
)))
(/usr/share/texmf/tex/generic/pgf/frontendlayer/tikz/libraries/tikzlibrarymatri
x.code.tex
File: tikzlibrarymatrix.code.tex 2008/06/18 v2.10 (rcs-revision 1.2)
)
(/usr/share/texmf/tex/generic/pgf/frontendlayer/tikz/libraries/tikzlibrarycalc.
code.tex
File: tikzlibrarycalc.code.tex 2009/09/04 v2.10 (rcs-revision 1.6)
)
(/usr/share/texmf/tex/generic/pgf/frontendlayer/tikz/libraries/tikzlibraryautom
ata.code.tex
File: tikzlibraryautomata.code.tex 2008/07/14 v2.10 (rcs-revision 1.3)

(/usr/share/texmf/tex/generic/pgf/frontendlayer/tikz/libraries/tikzlibraryshape
s.multipart.code.tex
File: tikzlibraryshapes.multipart.code.tex 2008/01/09 v2.10 (rcs-revision 1.1)

(/usr/share/texmf/tex/generic/pgf/libraries/shapes/pgflibraryshapes.multipart.c
ode.tex
File: pgflibraryshapes.multipart.code.tex 2010/01/07 v2.10 (rcs-revision 1.2)
\pgfnodepartlowerbox=\box61
\pgfnodeparttwobox=\box62
\pgfnodepartthreebox=\box63
\pgfnodepartfourbox=\box64
\pgfnodeparttwentybox=\box65
\pgfnodepartnineteenbox=\box66
\pgfnodeparteighteenbox=\box67
\pgfnodepartseventeenbox=\box68
\pgfnodepartsixteenbox=\box69
\pgfnodepartfifteenbox=\box70
\pgfnodepartfourteenbox=\box71
\pgfnodepartthirteenbox=\box72
\pgfnodeparttwelvebox=\box73
\pgfnodepartelevenbox=\box74
\pgfnodeparttenbox=\box75
\pgfnodepartninebox=\box76
\pgfnodeparteightbox=\box77
\pgfnodepartsevenbox=\box78
\pgfnodepartsixbox=\box79
\pgfnodepartfivebox=\box80
)))
(/usr/share/texmf/tex/generic/pgf/frontendlayer/tikz/libraries/tikzlibraryposit
ioning.code.tex
File: tikzlibrarypositioning.code.tex 2008/10/06 v2.10 (rcs-revision 1.7)
) (/usr/share/texmf/tex/latex/amsfonts/amssymb.sty
Package: amssymb 2013/01/14 v3.01 AMS font symbols

(/usr/share/texmf/tex/latex/amsfonts/amsfonts.sty
Package: amsfonts 2013/01/14 v3.01 Basic AMSFonts support
\@emptytoks=\toks25
\symAMSa=\mathgroup4
\symAMSb=\mathgroup5
LaTeX Font Info:    Overwriting math alphabet `\mathfrak' in version `bold'
(Font)                  U/euf/m/n --> U/euf/b/n on input line 106.
))
(/usr/share/texmf/tex/latex/amsmath/amsmath.sty
Package: amsmath 2013/01/14 v2.14 AMS math features
\@mathmargin=\skip45

For additional information on amsmath, use the `?' option.
(/usr/share/texmf/tex/latex/amsmath/amstext.sty
Package: amstext 2000/06/29 v2.01

(/usr/share/texmf/tex/latex/amsmath/amsgen.sty
File: amsgen.sty 1999/11/30 v2.0
\@emptytoks=\toks26
\ex@=\dimen157
))
(/usr/share/texmf/tex/latex/amsmath/amsbsy.sty
Package: amsbsy 1999/11/29 v1.2d
\pmbraise@=\dimen158
)
(/usr/share/texmf/tex/latex/amsmath/amsopn.sty
Package: amsopn 1999/12/14 v2.01 operator names
)
\inf@bad=\count119
LaTeX Info: Redefining \frac on input line 210.
\uproot@=\count120
\leftroot@=\count121
LaTeX Info: Redefining \overline on input line 306.
\classnum@=\count122
\DOTSCASE@=\count123
LaTeX Info: Redefining \ldots on input line 378.
LaTeX Info: Redefining \dots on input line 381.
LaTeX Info: Redefining \cdots on input line 466.
\Mathstrutbox@=\box81
\strutbox@=\box82
\big@size=\dimen159
LaTeX Font Info:    Redeclaring font encoding OML on input line 566.
LaTeX Font Info:    Redeclaring font encoding OMS on input line 567.
\macc@depth=\count124
\c@MaxMatrixCols=\count125
\dotsspace@=\muskip10
\c@parentequation=\count126
\dspbrk@lvl=\count127
\tag@help=\toks27
\row@=\count128
\column@=\count129
\maxfields@=\count130
\andhelp@=\toks28
\eqnshift@=\dimen160
\alignsep@=\dimen161
\tagshift@=\dimen162
\tagwidth@=\dimen163
\totwidth@=\dimen164
\lineht@=\dimen165
\@envbody=\toks29
\multlinegap=\skip46
\multlinetaggap=\skip47
\mathdisplay@stack=\toks30
LaTeX Info: Redefining \[ on input line 2665.
LaTeX Info: Redefining \] on input line 2666.
)
(/usr/share/texmf/tex/latex/listings/listings.sty
\lst@mode=\count131
\lst@gtempboxa=\box83
\lst@token=\toks31
\lst@length=\count132
\lst@currlwidth=\dimen166
\lst@column=\count133
\lst@pos=\count134
\lst@lostspace=\dimen167
\lst@width=\dimen168
\lst@newlines=\count135
\lst@lineno=\count136
\lst@maxwidth=\dimen169

(/usr/share/texmf/tex/latex/listings/lstmisc.sty
File: lstmisc.sty 2007/02/22 1.4 (Carsten Heinz)
\c@lstnumber=\count137
\lst@skipnumbers=\count138
\lst@framebox=\box84
)
(/usr/share/texmf/tex/latex/listings/listings.cfg
File: listings.cfg 2007/02/22 1.4 listings configuration
))
Package: listings 2007/02/22 1.4 (Carsten Heinz)
) (./reporte_proyecto.aux
LaTeX Info: Redefining \. on input line 3.
LaTeX Info: Redefining \% on input line 3.
)
\openout1 = `reporte_proyecto.aux'.

LaTeX Font Info:    Checking defaults for OML/cmm/m/it on input line 16.
LaTeX Font Info:    ... okay on input line 16.
LaTeX Font Info:    Checking defaults for T1/cmr/m/n on input line 16.
LaTeX Font Info:    ... okay on input line 16.
LaTeX Font Info:    Checking defaults for OT1/cmr/m/n on input line 16.
LaTeX Font Info:    ... okay on input line 16.
LaTeX Font Info:    Checking defaults for OMS/cmsy/m/n on input line 16.
LaTeX Font Info:    ... okay on input line 16.
LaTeX Font Info:    Checking defaults for OMX/cmex/m/n on input line 16.
LaTeX Font Info:    ... okay on input line 16.
LaTeX Font Info:    Checking defaults for U/cmr/m/n on input line 16.
LaTeX Font Info:    ... okay on input line 16.

(/usr/share/texmf/tex/context/base/supp-pdf.mkii
[Loading MPS to PDF converter (version 2006.09.02).]
\scratchcounter=\count139
\scratchdimen=\dimen170
\scratchbox=\box85
\nofMPsegments=\count140
\nofMParguments=\count141
\everyMPshowfont=\toks32
\MPscratchCnt=\count142
\MPscratchDim=\dimen171
\MPnumerator=\count143
\makeMPintoPDFobject=\count144
\everyMPtoPDFconversion=\toks33
) (/usr/share/texmf/tex/generic/oberdiek/pdftexcmds.sty
Package: pdftexcmds 2011/11/29 v0.20 Utility functions of pdfTeX for LuaTeX (HO
)

(/usr/share/texmf/tex/generic/oberdiek/ifluatex.sty
Package: ifluatex 2010/03/01 v1.3 Provides the ifluatex switch (HO)
Package ifluatex Info: LuaTeX not detected.
)
Package pdftexcmds Info: LuaTeX not detected.
Package pdftexcmds Info: \pdf@primitive is available.
Package pdftexcmds Info: \pdf@ifprimitive is available.
Package pdftexcmds Info: \pdfdraftmode found.
)
(/usr/share/texmf/tex/latex/oberdiek/epstopdf-base.sty
Package: epstopdf-base 2010/02/09 v2.5 Base part for package epstopdf

(/usr/share/texmf/tex/latex/oberdiek/grfext.sty
Package: grfext 2010/08/19 v1.1 Manage graphics extensions (HO)

(/usr/share/texmf/tex/generic/oberdiek/kvdefinekeys.sty
Package: kvdefinekeys 2011/04/07 v1.3 Define keys (HO)
))
(/usr/share/texmf/tex/latex/oberdiek/kvoptions.sty
Package: kvoptions 2011/06/30 v3.11 Key value format for package options (HO)

(/usr/share/texmf/tex/generic/oberdiek/kvsetkeys.sty
Package: kvsetkeys 2012/04/25 v1.16 Key value parser (HO)

(/usr/share/texmf/tex/generic/oberdiek/etexcmds.sty
Package: etexcmds 2011/02/16 v1.5 Avoid name clashes with e-TeX commands (HO)
Package etexcmds Info: Could not find \expanded.
(etexcmds)             That can mean that you are not using pdfTeX 1.50 or
(etexcmds)             that some package has redefined \expanded.
(etexcmds)             In the latter case, load this package earlier.
)))
Package grfext Info: Graphics extension search list:
(grfext)             [.png,.pdf,.jpg,.mps,.jpeg,.jbig2,.jb2,.PNG,.PDF,.JPG,.JPE
G,.JBIG2,.JB2,.eps]
(grfext)             \AppendGraphicsExtensions on input line 452.

(/usr/share/texmf/tex/latex/latexconfig/epstopdf-sys.cfg
File: epstopdf-sys.cfg 2010/07/13 v1.3 Configuration of (r)epstopdf for TeX Liv
e
))
LaTeX Info: Redefining \. on input line 16.
LaTeX Info: Redefining \% on input line 16.

ABD: EveryShipout initializing macros
\c@lstlisting=\count145
 (./tex/cover.tex
<./img/logo_itesm.jpg, id=4, 1343.0175pt x 523.9575pt>
File: ./img/logo_itesm.jpg Graphic file (type jpg)

<use ./img/logo_itesm.jpg>
Package pdftex.def Info: ./img/logo_itesm.jpg used on input line 5.
(pdftex.def)             Requested size: 256.0748pt x 99.89674pt.
 [1

{/usr/share/texmf/fonts/map/pdftex/updmap/pdftex.map} <./img/logo_itesm.jpg>]) 
(./tex/introduccion.tex
Underfull \hbox (badness 10000) in paragraph at lines 22--26

 []


Underfull \hbox (badness 10000) in paragraph at lines 27--31

 []

[1] <./img/seaperch_freecad.png, id=17, 758.835pt x 336.50719pt>
File: ./img/seaperch_freecad.png Graphic file (type png)

<use ./img/seaperch_freecad.png>
Package pdftex.def Info: ./img/seaperch_freecad.png used on input line 35.
(pdftex.def)             Requested size: 379.41658pt x 168.25317pt.

<./img/seaperch_motor.png, id=18, 758.835pt x 336.50719pt>
File: ./img/seaperch_motor.png Graphic file (type png)

<use ./img/seaperch_motor.png>
Package pdftex.def Info: ./img/seaperch_motor.png used on input line 42.
(pdftex.def)             Requested size: 379.41658pt x 168.25317pt.

<./img/seaperch_nx.png, id=19, 1501.61pt x 791.95876pt>
File: ./img/seaperch_nx.png Graphic file (type png)

<use ./img/seaperch_nx.png>
Package pdftex.def Info: ./img/seaperch_nx.png used on input line 52.
(pdftex.def)             Requested size: 375.40158pt x 197.9892pt.

<./img/seaperch_vistas.png, id=20, 1501.61pt x 791.95876pt>
File: ./img/seaperch_vistas.png Graphic file (type png)

<use ./img/seaperch_vistas.png>
Package pdftex.def Info: ./img/seaperch_vistas.png used on input line 59.
(pdftex.def)             Requested size: 375.40158pt x 197.9892pt.

<./img/seaperch_piezas.png, id=21, 1501.61pt x 791.95876pt>
File: ./img/seaperch_piezas.png Graphic file (type png)

<use ./img/seaperch_piezas.png>
Package pdftex.def Info: ./img/seaperch_piezas.png used on input line 66.
(pdftex.def)             Requested size: 375.40158pt x 197.9892pt.
 [2 <./img/seaperch_freecad.png> <./img/seaperch_motor.png>] [3 <./img/seaperch
_nx.png (PNG copy)> <./img/seaperch_vistas.png (PNG copy)>]) (./tex/codigo.tex 
[4 <./img/seaperch_piezas.png (PNG copy)>]
[5]) (./tex/materiales.tex [6]
LaTeX Font Info:    Try loading font information for U+msa on input line 6.
 (/usr/share/texmf/tex/latex/amsfonts/umsa.fd
File: umsa.fd 2013/01/14 v3.01 AMS symbols A
)
LaTeX Font Info:    Try loading font information for U+msb on input line 6.

(/usr/share/texmf/tex/latex/amsfonts/umsb.fd
File: umsb.fd 2013/01/14 v3.01 AMS symbols B
)) (./tex/diagrama.tex [7]
<./img/seaperch_schematic.png, id=43, 498.86375pt x 484.81125pt>
File: ./img/seaperch_schematic.png Graphic file (type png)

<use ./img/seaperch_schematic.png>
Package pdftex.def Info: ./img/seaperch_schematic.png used on input line 8.
(pdftex.def)             Requested size: 249.43126pt x 242.40503pt.

<./img/seaperch_pcb.png, id=44, 333.245pt x 501.875pt>
File: ./img/seaperch_pcb.png Graphic file (type png)

<use ./img/seaperch_pcb.png>
Package pdftex.def Info: ./img/seaperch_pcb.png used on input line 15.
(pdftex.def)             Requested size: 166.62209pt x 250.93687pt.

<./img/seaperch_pcb_3d_01.png, id=45, 1263.72125pt x 572.1375pt>
File: ./img/seaperch_pcb_3d_01.png Graphic file (type png)

<use ./img/seaperch_pcb_3d_01.png>
Package pdftex.def Info: ./img/seaperch_pcb_3d_01.png used on input line 22.
(pdftex.def)             Requested size: 442.30907pt x 200.25111pt.

Overfull \hbox (52.30907pt too wide) in paragraph at lines 22--23
 [][] 
 []

<./img/seaperch_pcb_3d_02.png, id=46, 542.025pt x 471.7625pt>
File: ./img/seaperch_pcb_3d_02.png Graphic file (type png)

<use ./img/seaperch_pcb_3d_02.png>
Package pdftex.def Info: ./img/seaperch_pcb_3d_02.png used on input line 29.
(pdftex.def)             Requested size: 243.90898pt x 212.29115pt.
 [8 <./img/seaperch_schematic.png (PNG copy)>] [9 <./img/seaperch_pcb.png (PNG 
copy)> <./img/seaperch_pcb_3d_01.png (PNG copy)>]) (./tex/evidencia.tex
Overfull \hbox (12.47476pt too wide) in paragraph at lines 6--7
[]\OT1/cmr/m/n/12 Video del sub-ma-rino en fun-cio-na-mien-to: https://youtu.be
/SB8qP86GZPc 
 []

<./img/20160327_150937.jpg, id=53, 3276.24pt x 1846.9pt>
File: ./img/20160327_150937.jpg Graphic file (type jpg)

<use ./img/20160327_150937.jpg>
Package pdftex.def Info: ./img/20160327_150937.jpg used on input line 13.
(pdftex.def)             Requested size: 327.64319pt x 184.70082pt.

<./img/20160327_150940.jpg, id=54, 3276.24pt x 1846.9pt>
File: ./img/20160327_150940.jpg Graphic file (type jpg)

<use ./img/20160327_150940.jpg>
Package pdftex.def Info: ./img/20160327_150940.jpg used on input line 20.
(pdftex.def)             Requested size: 327.64319pt x 184.70082pt.

<./img/20160327_151125.jpg, id=55, 3276.24pt x 1846.9pt>
File: ./img/20160327_151125.jpg Graphic file (type jpg)

<use ./img/20160327_151125.jpg>
Package pdftex.def Info: ./img/20160327_151125.jpg used on input line 27.
(pdftex.def)             Requested size: 327.64319pt x 184.70082pt.
 [10 <./img/seaperch_pcb_3d_02.png (PNG copy)>]
[11 <./img/20160327_150937.jpg> <./img/20160327_150940.jpg>]
<./img/20160429_205804.jpg, id=62, 1846.9pt x 1919.17pt>
File: ./img/20160429_205804.jpg Graphic file (type jpg)

<use ./img/20160429_205804.jpg>
Package pdftex.def Info: ./img/20160429_205804.jpg used on input line 36.
(pdftex.def)             Requested size: 184.70082pt x 191.92824pt.

<./img/20160427_003706.jpg, id=63, 3276.24pt x 1846.9pt>
File: ./img/20160427_003706.jpg Graphic file (type jpg)

<use ./img/20160427_003706.jpg>
Package pdftex.def Info: ./img/20160427_003706.jpg used on input line 43.
(pdftex.def)             Requested size: 327.64319pt x 184.70082pt.
 [12 <./img/20160327_151125.jpg> <./img/20160429_205804.jpg>] <./img/IMG-201604
26-WA0001.jpg, id=68, 723.70375pt x 1284.8pt>
File: ./img/IMG-20160426-WA0001.jpg Graphic file (type jpg)

<use ./img/IMG-20160426-WA0001.jpg>
Package pdftex.def Info: ./img/IMG-20160426-WA0001.jpg used on input line 52.
(pdftex.def)             Requested size: 144.73817pt x 256.95544pt.

<./img/20160428_180525.jpg, id=69, 3276.24pt x 1846.9pt>
File: ./img/20160428_180525.jpg Graphic file (type jpg)

<use ./img/20160428_180525.jpg>
Package pdftex.def Info: ./img/20160428_180525.jpg used on input line 59.
(pdftex.def)             Requested size: 327.64319pt x 184.70082pt.

<./img/20160429_222144.jpg, id=70, 3276.24pt x 1846.9pt>
File: ./img/20160429_222144.jpg Graphic file (type jpg)

<use ./img/20160429_222144.jpg>
Package pdftex.def Info: ./img/20160429_222144.jpg used on input line 66.
(pdftex.def)             Requested size: 327.64319pt x 184.70082pt.
) [13 <./img/20160427_003706.jpg> <./img/IMG-20160426-WA0001.jpg>] [14 <./img/2
0160428_180525.jpg> <./img/20160429_222144.jpg>] (./tex/analisis.tex) (./tex/co
mentarios.tex
Missing character: There is no Ã in font cmr12!
Missing character: There is no ³ in font cmr12!

Underfull \hbox (badness 10000) in paragraph at lines 6--11

 []


Underfull \hbox (badness 10000) in paragraph at lines 12--15

 []

[15]
Underfull \hbox (badness 10000) in paragraph at lines 37--42

 []

[16]
Underfull \hbox (badness 10000) in paragraph at lines 55--58

 []


Underfull \hbox (badness 10000) in paragraph at lines 59--64

 []

) [17] (./reporte_proyecto.aux
LaTeX Info: Redefining \. on input line 3.
LaTeX Info: Redefining \% on input line 3.
) ) 
Here is how much of TeX's memory you used:
 13319 strings out of 493315
 245680 string characters out of 6145894
 319101 words of memory out of 5000000
 16455 multiletter control sequences out of 15000+600000
 10919 words of font info for 41 fonts, out of 8000000 for 9000
 957 hyphenation exceptions out of 8191
 63i,7n,61p,456b,1475s stack positions out of 5000i,500n,10000p,200000b,80000s
</usr/share/texmf/fonts/type1/public/amsfonts/cm/cmbx12.pfb></usr/share/texm
f/fonts/type1/public/amsfonts/cm/cmcsc10.pfb></usr/share/texmf/fonts/type1/publ
ic/amsfonts/cm/cmmi12.pfb></usr/share/texmf/fonts/type1/public/amsfonts/cm/cmr1
2.pfb></usr/share/texmf/fonts/type1/public/amsfonts/cm/cmti12.pfb></usr/share/t
exmf/fonts/type1/public/amsfonts/cm/cmtt10.pfb>
Output written on reporte_proyecto.pdf (18 pages, 8017656 bytes).
PDF statistics:
 107 PDF objects out of 1000 (max. 8388607)
 62 compressed objects within 1 object stream
 0 named destinations out of 1000 (max. 500000)
 103 words of extra memory for PDF output out of 10000 (max. 10000000)

